2025-02-13 18:39:13,605 - INFO - URL: http://www.example.com/nonexistentpage - Status Code: 404 Not Found
2025-02-13 18:39:13,605 - WARNING - 4xx error encountered for URL: http://www.example.com/nonexistentpage
2025-02-13 18:39:14,427 - INFO - URL: http://httpstat.us/404 - Status Code: 404 Not Found
2025-02-13 18:39:14,427 - WARNING - 4xx error encountered for URL: http://httpstat.us/404
2025-02-13 18:39:14,968 - INFO - URL: http://httpstat.us/500 - Status Code: 500 Internal Server Error
2025-02-13 18:39:14,968 - ERROR - 5xx error encountered for URL: http://httpstat.us/500
2025-02-13 18:39:15,965 - INFO - URL: https://www.google.com/ - Status Code: 200 OK
2025-02-13 18:39:26,011 - INFO - URL: http://www.example.com/nonexistentpage - Status Code: 404 Not Found
2025-02-13 18:39:26,011 - WARNING - 4xx error encountered for URL: http://www.example.com/nonexistentpage
2025-02-13 18:39:26,573 - INFO - URL: http://httpstat.us/404 - Status Code: 404 Not Found
2025-02-13 18:39:26,573 - WARNING - 4xx error encountered for URL: http://httpstat.us/404
2025-02-13 18:39:27,187 - INFO - URL: http://httpstat.us/500 - Status Code: 500 Internal Server Error
2025-02-13 18:39:27,188 - ERROR - 5xx error encountered for URL: http://httpstat.us/500
2025-02-13 18:39:28,254 - INFO - URL: https://www.google.com/ - Status Code: 200 OK
2025-02-13 18:39:38,324 - INFO - URL: http://www.example.com/nonexistentpage - Status Code: 404 Not Found
2025-02-13 18:39:38,324 - WARNING - 4xx error encountered for URL: http://www.example.com/nonexistentpage
2025-02-13 18:39:39,269 - INFO - URL: http://httpstat.us/404 - Status Code: 404 Not Found
2025-02-13 18:39:39,269 - WARNING - 4xx error encountered for URL: http://httpstat.us/404
2025-02-13 18:39:40,230 - INFO - URL: http://httpstat.us/500 - Status Code: 500 Internal Server Error
2025-02-13 18:39:40,230 - ERROR - 5xx error encountered for URL: http://httpstat.us/500
2025-02-13 18:39:40,849 - INFO - URL: https://www.google.com/ - Status Code: 200 OK
2025-02-13 18:39:50,902 - INFO - URL: http://www.example.com/nonexistentpage - Status Code: 404 Not Found
2025-02-13 18:39:50,902 - WARNING - 4xx error encountered for URL: http://www.example.com/nonexistentpage
2025-02-13 18:39:51,448 - INFO - URL: http://httpstat.us/404 - Status Code: 404 Not Found
2025-02-13 18:39:51,448 - WARNING - 4xx error encountered for URL: http://httpstat.us/404
2025-02-13 18:39:52,007 - INFO - URL: http://httpstat.us/500 - Status Code: 500 Internal Server Error
2025-02-13 18:39:52,007 - ERROR - 5xx error encountered for URL: http://httpstat.us/500
2025-02-13 18:39:52,634 - INFO - URL: https://www.google.com/ - Status Code: 200 OK
